Performing C SOURCE FILE Test CMAKE_HAVE_LIBC_PTHREAD failed with the following output:
Change Dir: /home/zhanggong/disk/Elements/ubuntu18.04/paoyuan/seg_src/CPP/build/CMakeFiles/CMakeTmp

Run Build Command(s):/usr/bin/make cmTC_49288/fast && /usr/bin/make  -f CMakeFiles/cmTC_49288.dir/build.make CMakeFiles/cmTC_49288.dir/build
make[1]: 进入目录“/home/zhanggong/disk/Elements/ubuntu18.04/paoyuan/seg_src/CPP/build/CMakeFiles/CMakeTmp”
Building C object CMakeFiles/cmTC_49288.dir/src.c.o
/usr/bin/cc   -fPIC -DCMAKE_HAVE_LIBC_PTHREAD   -o CMakeFiles/cmTC_49288.dir/src.c.o   -c /home/zhanggong/disk/Elements/ubuntu18.04/paoyuan/seg_src/CPP/build/CMakeFiles/CMakeTmp/src.c
Linking C executable cmTC_49288
/home/zhanggong/clion-2020.2.1/bin/cmake/linux/bin/cmake -E cmake_link_script CMakeFiles/cmTC_49288.dir/link.txt --verbose=1
/usr/bin/cc -fPIC -DCMAKE_HAVE_LIBC_PTHREAD    CMakeFiles/cmTC_49288.dir/src.c.o  -o cmTC_49288 
CMakeFiles/cmTC_49288.dir/src.c.o：在函数‘main’中：
src.c:(.text+0x3e)：对‘pthread_create’未定义的引用
src.c:(.text+0x4a)：对‘pthread_detach’未定义的引用
src.c:(.text+0x56)：对‘pthread_cancel’未定义的引用
src.c:(.text+0x67)：对‘pthread_join’未定义的引用
src.c:(.text+0x7b)：对‘pthread_atfork’未定义的引用
collect2: error: ld returned 1 exit status
CMakeFiles/cmTC_49288.dir/build.make:106: recipe for target 'cmTC_49288' failed
make[1]: *** [cmTC_49288] Error 1
make[1]: 离开目录“/home/zhanggong/disk/Elements/ubuntu18.04/paoyuan/seg_src/CPP/build/CMakeFiles/CMakeTmp”
Makefile:141: recipe for target 'cmTC_49288/fast' failed
make: *** [cmTC_49288/fast] Error 2


Source file was:
#include <pthread.h>

void* test_func(void* data)
{
  return data;
}

int main(void)
{
  pthread_t thread;
  pthread_create(&thread, NULL, test_func, NULL);
  pthread_detach(thread);
  pthread_cancel(thread);
  pthread_join(thread, NULL);
  pthread_atfork(NULL, NULL, NULL);
  pthread_exit(NULL);

  return 0;
}

Determining if the function pthread_create exists in the pthreads failed with the following output:
Change Dir: /home/zhanggong/disk/Elements/ubuntu18.04/paoyuan/seg_src/CPP/build/CMakeFiles/CMakeTmp

Run Build Command(s):/usr/bin/make cmTC_3c77c/fast && /usr/bin/make  -f CMakeFiles/cmTC_3c77c.dir/build.make CMakeFiles/cmTC_3c77c.dir/build
make[1]: 进入目录“/home/zhanggong/disk/Elements/ubuntu18.04/paoyuan/seg_src/CPP/build/CMakeFiles/CMakeTmp”
Building C object CMakeFiles/cmTC_3c77c.dir/CheckFunctionExists.c.o
/usr/bin/cc   -fPIC -DCHECK_FUNCTION_EXISTS=pthread_create   -o CMakeFiles/cmTC_3c77c.dir/CheckFunctionExists.c.o   -c /home/zhanggong/clion-2020.2.1/bin/cmake/linux/share/cmake-3.17/Modules/CheckFunctionExists.c
Linking C executable cmTC_3c77c
/home/zhanggong/clion-2020.2.1/bin/cmake/linux/bin/cmake -E cmake_link_script CMakeFiles/cmTC_3c77c.dir/link.txt --verbose=1
/usr/bin/cc -fPIC -DCHECK_FUNCTION_EXISTS=pthread_create    CMakeFiles/cmTC_3c77c.dir/CheckFunctionExists.c.o  -o cmTC_3c77c  -lpthreads 
/usr/bin/ld: 找不到 -lpthreads
collect2: error: ld returned 1 exit status
CMakeFiles/cmTC_3c77c.dir/build.make:106: recipe for target 'cmTC_3c77c' failed
make[1]: *** [cmTC_3c77c] Error 1
make[1]: 离开目录“/home/zhanggong/disk/Elements/ubuntu18.04/paoyuan/seg_src/CPP/build/CMakeFiles/CMakeTmp”
Makefile:141: recipe for target 'cmTC_3c77c/fast' failed
make: *** [cmTC_3c77c/fast] Error 2



